已經開始建置於 2017/10/25 上午 08:52:40。
     1>節點 2 (Build 目標) 上的專案 "C:\workspace\c&c++\vs2013\c\ch2\ch2.vcxproj"。
     1>ClCompile:
         C:\Program Files (x86)\Microsoft Visual Studio 12.0\VC\bin\CL.exe /c /ZI /nologo /W3 /WX- /sdl /Od /Oy- /D WIN32 /D _DEBUG /D _CONSOLE /D _LIB /D _CRT_SECURE_NO_DEPRECATE /D _UNICODE /D UNICODE /Gm /EHsc /RTC1 /MDd /GS /fp:precise /Zc:wchar_t /Zc:forScope /Fo"Debug\\" /Fd"Debug\vc120.pdb" /Gd /TC /analyze- /errorReport:prompt ex2_7.c
         ex2_7.c
       Link:
         C:\Program Files (x86)\Microsoft Visual Studio 12.0\VC\bin\link.exe /ERRORREPORT:PROMPT /OUT:"C:\workspace\c&c++\vs2013\c\Debug\ch2.exe" /INCREMENTAL /NOLOGO kernel32.lib user32.lib gdi32.lib winspool.lib comdlg32.lib advapi32.lib shell32.lib ole32.lib oleaut32.lib uuid.lib odbc32.lib odbccp32.lib /MANIFEST /MANIFESTUAC:"level='asInvoker' uiAccess='false'" /manifest:embed /DEBUG /PDB:"C:\workspace\c&c++\vs2013\c\Debug\ch2.pdb" /SUBSYSTEM:CONSOLE /TLBID:1 /DYNAMICBASE /NXCOMPAT /IMPLIB:"C:\workspace\c&c++\vs2013\c\Debug\ch2.lib" /MACHINE:X86 Debug\ex2_1.obj
         Debug\ex2_10.obj
         Debug\ex2_11.obj
         Debug\ex2_2.obj
         Debug\ex2_3.obj
         Debug\ex2_4.obj
         Debug\ex2_5.obj
         Debug\ex2_6.obj
         Debug\ex2_7.obj
         Debug\ex2_8.obj
         Debug\ex2_9.obj
         Debug\hw2_1.obj
         Debug\hw2_2.obj
         Debug\hw2_3.obj
         Debug\hw2_4.obj
         Debug\hw2_5.obj
         Debug\hw2_6.obj
         Debug\main.obj
         ch2.vcxproj -> C:\workspace\c&c++\vs2013\c\Debug\ch2.exe
     1>專案 "C:\workspace\c&c++\vs2013\c\ch2\ch2.vcxproj" (Build 目標) 建置完成。

建置成功。

經過時間 00:00:00.37
