已經開始建置於 2017/10/11 下午 03:46:48。
     1>節點 2 (Build 目標) 上的專案 "C:\workspace\c&c++\vs2013\c\ch7\ch7.vcxproj"。
     1>ClCompile:
         C:\Program Files (x86)\Microsoft Visual Studio 12.0\VC\bin\CL.exe /c /ZI /nologo /W3 /WX- /sdl /Od /Oy- /D WIN32 /D _DEBUG /D _CONSOLE /D _LIB /D _CRT_SECURE_NO_DEPRECATE /D _UNICODE /D UNICODE /Gm /EHsc /RTC1 /MDd /GS /fp:precise /Zc:wchar_t /Zc:forScope /Fo"Debug\\" /Fd"Debug\vc120.pdb" /Gd /TC /analyze- /errorReport:prompt main.c
         main.c
       Link:
         C:\Program Files (x86)\Microsoft Visual Studio 12.0\VC\bin\link.exe /ERRORREPORT:PROMPT /OUT:"C:\workspace\c&c++\vs2013\c\Debug\ch7.exe" /INCREMENTAL /NOLOGO kernel32.lib user32.lib gdi32.lib winspool.lib comdlg32.lib advapi32.lib shell32.lib ole32.lib oleaut32.lib uuid.lib odbc32.lib odbccp32.lib /MANIFEST /MANIFESTUAC:"level='asInvoker' uiAccess='false'" /manifest:embed /DEBUG /PDB:"C:\workspace\c&c++\vs2013\c\Debug\ch7.pdb" /SUBSYSTEM:CONSOLE /TLBID:1 /DYNAMICBASE /NXCOMPAT /IMPLIB:"C:\workspace\c&c++\vs2013\c\Debug\ch7.lib" /MACHINE:X86 Debug\ex7_1.obj
         Debug\ex7_10.obj
         Debug\ex7_11.obj
         Debug\ex7_2.obj
         Debug\ex7_3.obj
         Debug\ex7_4.obj
         Debug\ex7_5.obj
         Debug\ex7_6.obj
         Debug\ex7_7.obj
         Debug\ex7_8.obj
         Debug\ex7_9.obj
         Debug\main.obj
         ch7.vcxproj -> C:\workspace\c&c++\vs2013\c\Debug\ch7.exe
     1>專案 "C:\workspace\c&c++\vs2013\c\ch7\ch7.vcxproj" (Build 目標) 建置完成。

建置成功。

經過時間 00:00:00.71
