已經開始建置於 2017/11/22 上午 08:46:14。
     1>節點 2 (Build 目標) 上的專案 "C:\workspace\c&c++\vs2013\c\ch10\ch10.vcxproj"。
     1>ClCompile:
         C:\Program Files (x86)\Microsoft Visual Studio 12.0\VC\bin\CL.exe /c /ZI /nologo /W3 /WX- /sdl /Od /Oy- /D WIN32 /D _DEBUG /D _CONSOLE /D _LIB /D _CRT_SECURE_NO_DEPRECATE /D _UNICODE /D UNICODE /Gm /EHsc /RTC1 /MDd /GS /fp:precise /Zc:wchar_t /Zc:forScope /Fo"Debug\\" /Fd"Debug\vc120.pdb" /Gd /TC /analyze- /errorReport:prompt ex10_2e.c main.c
         main.c
         ex10_2e.c
     1>c:\workspace\c&c++\vs2013\c\ch10\ex10_2e.c(7): warning C4013: '_getche' 未定義; 假設 extern 傳回整數
         正在產生程式碼...
       Link:
         C:\Program Files (x86)\Microsoft Visual Studio 12.0\VC\bin\link.exe /ERRORREPORT:PROMPT /OUT:"C:\workspace\c&c++\vs2013\c\Debug\ch10.exe" /INCREMENTAL /NOLOGO kernel32.lib user32.lib gdi32.lib winspool.lib comdlg32.lib advapi32.lib shell32.lib ole32.lib oleaut32.lib uuid.lib odbc32.lib odbccp32.lib /MANIFEST /MANIFESTUAC:"level='asInvoker' uiAccess='false'" /manifest:embed /DEBUG /PDB:"C:\workspace\c&c++\vs2013\c\Debug\ch10.pdb" /SUBSYSTEM:CONSOLE /TLBID:1 /DYNAMICBASE /NXCOMPAT /IMPLIB:"C:\workspace\c&c++\vs2013\c\Debug\ch10.lib" /MACHINE:X86 Debug\ex10_1a.obj
         Debug\ex10_1b.obj
         Debug\ex10_1c.obj
         Debug\ex10_1d.obj
         Debug\ex10_2a.obj
         Debug\ex10_2b.obj
         Debug\ex10_2c.obj
         Debug\ex10_2d.obj
         Debug\ex10_2e.obj
         Debug\main.obj
         ch10.vcxproj -> C:\workspace\c&c++\vs2013\c\Debug\ch10.exe
     1>專案 "C:\workspace\c&c++\vs2013\c\ch10\ch10.vcxproj" (Build 目標) 建置完成。

建置成功。

經過時間 00:00:02.78
